[04:24:33] [DEBUG] تم تنفيذ الاستعلام بنجاح {"sql":"SELECT * FROM tasks ORDER BY created_at DESC","params":[]}
]}
[04:24:33] [DEBUG] تم تنفيذ الاستعلام بنجاح {"sql":"\r\n                    SELECT COUNT(*) as total,\r\n                           SUM(CASE WHEN completed = 1 THEN 1 ELSE 0 END) as completed\r\n                    FROM subtasks\r\n                    WHERE task_id = :task_id\r\n                ","params":{":task_id":10}}
[04:24:33] [DEBUG] تم تنفيذ الاستعلام بنجاح {"sql":"\r\n                    SELECT COUNT(*) as total,\r\n                           SUM(CASE WHEN completed = 1 THEN 1 ELSE 0 END) as completed\r\n                    FROM subtasks\r\n                    WHERE task_id = :task_id\r\n                ","params":{":task_id":8}}
[04:24:33] [DEBUG] تم تنفيذ الاستعلام بنجاح {"sql":"\r\n                    SELECT t.*, \r\n                           (SELECT COUNT(*) FROM subtasks WHERE task_id = t.id) as subtasks_count,\r\n                           (SELECT COUNT(*) FROM subtasks WHERE task_id = t.id AND completed = 1) as completed_subtasks\r\n                    FROM tasks t\r\n                    WHERE project_id = :project_id\r\n                ","params":{":project_id":"1"}}
[04:24:33] [DEBUG] تم تنفيذ الاستعلام بنجاح {"sql":"\r\n                    SELECT COUNT(*) as total,\r\n                           SUM(CASE WHEN completed = 1 THEN 1 ELSE 0 END) as completed\r\n                    FROM subtasks\r\n                    WHERE task_id = :task_id\r\n                ","params":{":task_id":7}}
[04:24:33] [DEBUG] تم تنفيذ الاستعلام بنجاح {"sql":"\r\n                    SELECT COUNT(*) as total,\r\n                           SUM(CASE WHEN completed = 1 THEN 1 ELSE 0 END) as completed\r\n                    FROM subtasks\r\n                    WHERE task_id = :task_id\r\n                ","params":{":task_id":6}}
[04:24:33] [DEBUG] تم تنفيذ الاستعلام بنجاح {"sql":"\r\n                    SELECT COUNT(*) as total,\r\n                           SUM(CASE WHEN completed = 1 THEN 1 ELSE 0 END) as completed\r\n                    FROM subtasks\r\n                    WHERE task_id = :task_id\r\n                ","params":{":task_id":5}}
[04:24:33] [DEBUG] تم تنفيذ الاستعلام بنجاح {"sql":"\r\n                    SELECT COUNT(*) as total,\r\n                           SUM(CASE WHEN completed = 1 THEN 1 ELSE 0 END) as completed\r\n                    FROM subtasks\r\n                    WHERE task_id = :task_id\r\n                ","params":{":task_id":4}}
[04:24:33] [DEBUG] تم تنفيذ الاستعلام بنجاح {"sql":"\r\n                    SELECT COUNT(*) as total,\r\n                           SUM(CASE WHEN completed = 1 THEN 1 ELSE 0 END) as completed\r\n                    FROM subtasks\r\n                    WHERE task_id = :task_id\r\n                ","params":{":task_id":3}}
[04:24:33] [DEBUG] تم تنفيذ الاستعلام بنجاح {"sql":"\r\n                    SELECT COUNT(*) as total,\r\n                           SUM(CASE WHEN completed = 1 THEN 1 ELSE 0 END) as completed\r\n                    FROM subtasks\r\n                    WHERE task_id = :task_id\r\n                ","params":{":task_id":2}}
[04:24:33] [DEBUG] تم تنفيذ الاستعلام بنجاح {"sql":"\r\n                    SELECT COUNT(*) as total,\r\n                           SUM(CASE WHEN completed = 1 THEN 1 ELSE 0 END) as completed\r\n                    FROM subtasks\r\n                    WHERE task_id = :task_id\r\n                ","params":{":task_id":1}}
[04:24:33] [DEBUG] تم تنفيذ الاستعلام بنجاح {"sql":"SELECT * FROM tasks ORDER BY created_at DESC","params":[]}
[04:24:33] [DEBUG] تم تنفيذ الاستعلام بنجاح {"sql":"\r\n                    SELECT COUNT(*) as total,\r\n                           SUM(CASE WHEN completed = 1 THEN 1 ELSE 0 END) as completed\r\n                    FROM subtasks\r\n                    WHERE task_id = :task_id\r\n                ","params":{":task_id":10}}
[04:24:33] [DEBUG] تم تنفيذ الاستعلام بنجاح {"sql":"\r\n                    SELECT COUNT(*) as total,\r\n                           SUM(CASE WHEN completed = 1 THEN 1 ELSE 0 END) as completed\r\n                    FROM subtasks\r\n                    WHERE task_id = :task_id\r\n                ","params":{":task_id":8}}
[04:24:33] [DEBUG] تم تنفيذ الاستعلام بنجاح {"sql":"\r\n                    SELECT COUNT(*) as total,\r\n                           SUM(CASE WHEN completed = 1 THEN 1 ELSE 0 END) as completed\r\n                    FROM subtasks\r\n                    WHERE task_id = :task_id\r\n                ","params":{":task_id":7}}
[04:24:33] [DEBUG] تم تنفيذ الاستعلام بنجاح {"sql":"\r\n                    SELECT COUNT(*) as total,\r\n                           SUM(CASE WHEN completed = 1 THEN 1 ELSE 0 END) as completed\r\n                    FROM subtasks\r\n                    WHERE task_id = :task_id\r\n                ","params":{":task_id":6}}
[04:24:33] [DEBUG] تم تنفيذ الاستعلام بنجاح {"sql":"\r\n                    SELECT COUNT(*) as total,\r\n                           SUM(CASE WHEN completed = 1 THEN 1 ELSE 0 END) as completed\r\n                    FROM subtasks\r\n                    WHERE task_id = :task_id\r\n                ","params":{":task_id":5}}
[04:24:33] [DEBUG] تم تنفيذ الاستعلام بنجاح {"sql":"\r\n                    SELECT COUNT(*) as total,\r\n                           SUM(CASE WHEN completed = 1 THEN 1 ELSE 0 END) as completed\r\n                    FROM subtasks\r\n                    WHERE task_id = :task_id\r\n                ","params":{":task_id":4}}
[04:24:33] [DEBUG] تم تنفيذ الاستعلام بنجاح {"sql":"\r\n                    SELECT COUNT(*) as total,\r\n                           SUM(CASE WHEN completed = 1 THEN 1 ELSE 0 END) as completed\r\n                    FROM subtasks\r\n                    WHERE task_id = :task_id\r\n                ","params":{":task_id":3}}
[04:24:33] [DEBUG] تم تنفيذ الاستعلام بنجاح {"sql":"\r\n                    SELECT COUNT(*) as total,\r\n                           SUM(CASE WHEN completed = 1 THEN 1 ELSE 0 END) as completed\r\n                    FROM subtasks\r\n                    WHERE task_id = :task_id\r\n                ","params":{":task_id":2}}
[04:24:33] [DEBUG] تم تنفيذ الاستعلام بنجاح {"sql":"\r\n                    SELECT COUNT(*) as total,\r\n                           SUM(CASE WHEN completed = 1 THEN 1 ELSE 0 END) as completed\r\n                    FROM subtasks\r\n                    WHERE task_id = :task_id\r\n                ","params":{":task_id":1}}
[04:24:33] [INFO] بدء معالجة طلب المهام الفرعية {"method":"GET","request_data":""}
[04:24:33] [DEBUG] تم تنفيذ الاستعلام بنجاح {"sql":"\r\n                SELECT * FROM subtasks \r\n                WHERE task_id = :task_id \r\n                ORDER BY created_at ASC\r\n            ","params":{":task_id":"10"}}
[04:24:33] [INFO] تم جلب المهام الفرعية {"task_id":"10","count":3}
[04:24:33] [INFO] بدء معالجة طلب المهام الفرعية {"method":"GET","request_data":""}
[04:24:33] [INFO] بدء معالجة طلب المهام الفرعية {"method":"GET","request_data":""}
[04:24:33] [DEBUG] تم تنفيذ الاستعلام بنجاح {"sql":"\r\n                SELECT * FROM subtasks \r\n                WHERE task_id = :task_id \r\n                ORDER BY created_at ASC\r\n            ","params":{":task_id":"7"}}
[04:24:33] [DEBUG] تم تنفيذ الاستعلام بنجاح {"sql":"\r\n                SELECT * FROM subtasks \r\n                WHERE task_id = :task_id \r\n                ORDER BY created_at ASC\r\n            ","params":{":task_id":"8"}}
[04:24:33] [INFO] تم جلب المهام الفرعية {"task_id":"7","count":3}
[04:24:33] [INFO] تم جلب المهام الفرعية {"task_id":"8","count":0}
[04:24:33] [INFO] بدء معالجة طلب المهام الفرعية {"method":"GET","request_data":""}
[04:24:33] [DEBUG] تم تنفيذ الاستعلام بنجاح {"sql":"\r\n                SELECT * FROM subtasks \r\n                WHERE task_id = :task_id \r\n                ORDER BY created_at ASC\r\n            ","params":{":task_id":"6"}}
[04:24:33] [INFO] تم جلب المهام الفرعية {"task_id":"6","count":0}
[04:24:33] [INFO] بدء معالجة طلب المهام الفرعية {"method":"GET","request_data":""}
[04:24:33] [DEBUG] تم تنفيذ الاستعلام بنجاح {"sql":"\r\n                SELECT * FROM subtasks \r\n                WHERE task_id = :task_id \r\n                ORDER BY created_at ASC\r\n            ","params":{":task_id":"5"}}
[04:24:33] [INFO] تم جلب المهام الفرعية {"task_id":"5","count":3}
[04:24:33] [INFO] بدء معالجة طلب التقارير {"method":"GET","request_data":""}
[04:24:33] [INFO] بدء معالجة طلب التقارير {"method":"GET","request_data":""}
[04:24:33] [INFO] بدء معالجة طلب المهام الفرعية {"method":"GET","request_data":""}
[04:24:33] [INFO] بدء معالجة طلب التقارير {"method":"GET","request_data":""}
[04:24:33] [DEBUG] تم تنفيذ الاستعلام بنجاح {"sql":"\r\n                SELECT * FROM reports \r\n                WHERE task_id = :task_id \r\n                ORDER BY created_at DESC\r\n            ","params":{":task_id":"8"}}
[04:24:33] [INFO] تم جلب التقارير {"task_id":"8","count":1}
[04:24:33] [DEBUG] تم تنفيذ الاستعلام بنجاح {"sql":"\r\n                SELECT * FROM subtasks \r\n                WHERE task_id = :task_id \r\n                ORDER BY created_at ASC\r\n            ","params":{":task_id":"4"}}
[04:24:33] [DEBUG] تم تنفيذ الاستعلام بنجاح {"sql":"\r\n                SELECT * FROM reports \r\n                WHERE task_id = :task_id \r\n                ORDER BY created_at DESC\r\n            ","params":{":task_id":"6"}}
[04:24:33] [INFO] تم جلب التقارير {"task_id":"6","count":0}
GET","request_data":""}
[04:24:33] [DEBUG] تم تنفيذ الاستعلام بنجاح {"sql":"\r\n                SELECT * FROM reports \r\n                WHERE task_id = :task_id \r\n                ORDER BY created_at DESC\r\n            ","params":{":task_id":"10"}}
[04:24:33] [INFO] تم جلب التقارير {"task_id":"10","count":0}
[04:24:33] [INFO] بدء معالجة طلب التقارير {"method":"GET","request_data":""}
[04:24:33] [DEBUG] تم تنفيذ الاستعلام بنجاح {"sql":"\r\n                SELECT * FROM reports \r\n                WHERE task_id = :task_id \r\n                ORDER BY created_at DESC\r\n            ","params":{":task_id":"7"}}
[04:24:33] [INFO] تم جلب التقارير {"task_id":"7","count":1}
[04:24:33] [INFO] بدء معالجة طلب التقارير {"method":"GET","request_data":""}
[04:24:33] [DEBUG] تم تنفيذ الاستعلام بنجاح {"sql":"\r\n                SELECT * FROM reports \r\n                WHERE task_id = :task_id \r\n                ORDER BY created_at DESC\r\n            ","params":{":task_id":"4"}}
[04:24:33] [INFO] تم جلب التقارير {"task_id":"4","count":1}
[04:24:33] [INFO] بدء معالجة طلب المهام الفرعية {"method":"GET","request_data":""}
[04:24:33] [INFO] بدء معالجة طلب التقارير {"method":"GET","request_data":""}
[04:24:33] [DEBUG] تم تنفيذ الاستعلام بنجاح {"sql":"\r\n                SELECT * FROM subtasks \r\n                WHERE task_id = :task_id \r\n                ORDER BY created_at ASC\r\n            ","params":{":task_id":"3"}}
[04:24:33] [DEBUG] تم تنفيذ الاستعلام بنجاح {"sql":"\r\n                SELECT * FROM reports \r\n                WHERE task_id = :task_id \r\n                ORDER BY created_at DESC\r\n            ","params":{":task_id":"3"}}
[04:24:33] [INFO] بدء معالجة طلب المهام الفرعية {"method":"GET","request_data":""}
eports \r\n                WHERE task_id = :task_id \r\n                ORDER BY created_at DESC\r\n            ","params":{":task_id":"5"}}
[04:24:33] [INFO] تم جلب التقارير {"task_id":"3","count":0}
[04:24:33] [INFO] تم جلب التقارير {"task_id":"5","count":0}
[04:24:33] [DEBUG] تم تنفيذ الاستعلام بنجاح {"sql":"\r\n                SELECT * FROM subtasks \r\n                WHERE task_id = :task_id \r\n                ORDER BY created_at ASC\r\n            ","params":{":task_id":"2"}}
[04:24:33] [INFO] تم جلب المهام الفرعية {"task_id":"2","count":7}
[04:24:33] [INFO] بدء معالجة طلب المهام الفرعية {"method":"GET","request_data":""}
[04:24:33] [INFO] بدء معالجة طلب التقارير {"method":"GET","request_data":""}
[04:24:33] [DEBUG] تم تنفيذ الاستعلام بنجاح {"sql":"\r\n                SELECT * FROM subtasks \r\n                WHERE task_id = :task_id \r\n                ORDER BY created_at ASC\r\n            ","params":{":task_id":"1"}}
[04:24:33] [INFO] تم جلب المهام الفرعية {"task_id":"1","count":3}
[04:24:33] [DEBUG] تم تنفيذ الاستعلام بنجاح {"sql":"\r\n                SELECT * FROM reports \r\n                WHERE task_id = :task_id \r\n                ORDER BY created_at DESC\r\n            ","params":{":task_id":"2"}}
[04:24:33] [INFO] تم جلب التقارير {"task_id":"2","count":5}
[04:24:33] [INFO] بدء معالجة طلب التقارير {"method":"GET","request_data":""}
[04:24:33] [DEBUG] تم تنفيذ الاستعلام بنجاح {"sql":"\r\n                SELECT * FROM reports \r\n                WHERE task_id = :task_id \r\n                ORDER BY created_at DESC\r\n            ","params":{":task_id":"1"}}
[04:24:33] [INFO] تم جلب التقارير {"task_id":"1","count":0}
[04:24:33] [INFO] بدء معالجة طلب المهام الفرعية {"method":"GET","request_data":""}
[04:24:33] [DEBUG] تم تنفيذ الاستعلام بنجاح {"sql":"\r\n                SELECT * FROM subtasks \r\n                WHERE task_id = :task_id \r\n                ORDER BY created_at ASC\r\n            ","params":{":task_id":"10"}}
[04:24:33] [INFO] تم جلب المهام الفرعية {"task_id":"10","count":3}
[04:24:33] [INFO] بدء معالجة طلب التقارير {"method":"GET","request_data":""}
[04:24:33] [DEBUG] تم تنفيذ الاستعلام بنجاح {"sql":"\r\n                SELECT * FROM reports \r\n                WHERE task_id = :task_id \r\n                ORDER BY created_at DESC\r\n            ","params":{":task_id":"10"}}
[04:24:33] [INFO] بدء معالجة طلب المهام الفرعية {"method":"GET","request_data":""}
[04:24:33] [INFO] تم جلب التقارير {"task_id":"10","count":0}
[04:24:33] [INFO] بدء معالجة طلب التقارير {"method":"GET","request_data":""}
[04:24:33] [DEBUG] تم تنفيذ الاستعلام بنجاح {"sql":"\r\n                SELECT * FROM subtasks \r\n                WHERE task_id = :task_id \r\n                ORDER BY created_at ASC\r\n            ","params":{":task_id":"8"}}
[04:24:33] [INFO] تم جلب المهام الفرعية {"task_id":"8","count":0}
[04:24:33] [DEBUG] تم تنفيذ الاستعلام بنجاح {"sql":"\r\n                SELECT * FROM reports \r\n                WHERE task_id = :task_id \r\n                ORDER BY created_at DESC\r\n            ","params":{":task_id":"8"}}
[04:24:33] [INFO] بدء معالجة طلب المهام الفرعية {"method":"GET","request_data":""}
[04:24:33] [INFO] تم جلب التقارير {"task_id":"8","count":1}
[04:24:33] [DEBUG] تم تنفيذ الاستعلام بنجاح {"sql":"\r\n                SELECT * FROM subtasks \r\n                WHERE task_id = :task_id \r\n                ORDER BY created_at ASC\r\n            ","params":{":task_id":"7"}}
[04:24:33] [INFO] تم جلب المهام الفرعية {"task_id":"7","count":3}
[04:24:33] [INFO] بدء معالجة طلب التقارير {"method":"GET","request_data":""}
[04:24:33] [DEBUG] تم تنفيذ الاستعلام بنجاح {"sql":"\r\n                SELECT * FROM reports \r\n                WHERE task_id = :task_id \r\n                ORDER BY created_at DESC\r\n            ","params":{":task_id":"7"}}
[04:24:33] [INFO] تم جلب التقارير {"task_id":"7","count":1}
[04:24:33] [INFO] بدء معالجة طلب المهام الفرعية {"method":"GET","request_data":""}
[04:24:33] [DEBUG] تم تنفيذ الاستعلام بنجاح {"sql":"\r\n                SELECT * FROM subtasks \r\n                WHERE task_id = :task_id \r\n                ORDER BY created_at ASC\r\n            ","params":{":task_id":"6"}}
[04:24:33] [INFO] بدء معالجة طلب التقارير {"method":"GET","request_data":""}
[04:24:33] [INFO] تم جلب المهام الفرعية {"task_id":"6","count":0}
[04:24:33] [DEBUG] تم تنفيذ الاستعلام بنجاح {"sql":"\r\n                SELECT * FROM reports \r\n                WHERE task_id = :task_id \r\n                ORDER BY created_at DESC\r\n            ","params":{":task_id":"6"}}
[04:24:33] [INFO] تم جلب التقارير {"task_id":"6","count":0}
[04:24:33] [INFO] بدء معالجة طلب المهام الفرعية {"method":"GET","request_data":""}
[04:24:33] [DEBUG] تم تنفيذ الاستعلام بنجاح {"sql":"\r\n                SELECT * FROM subtasks \r\n                WHERE task_id = :task_id \r\n                ORDER BY created_at ASC\r\n            ","params":{":task_id":"5"}}
[04:24:33] [INFO] بدء معالجة طلب التقارير {"method":"GET","request_data":""}
[04:24:33] [INFO] تم جلب المهام الفرعية {"task_id":"5","count":3}
[04:24:33] [DEBUG] تم تنفيذ الاستعلام بنجاح {"sql":"\r\n                SELECT * FROM reports \r\n                WHERE task_id = :task_id \r\n                ORDER BY created_at DESC\r\n            ","params":{":task_id":"5"}}
[04:24:33] [INFO] تم جلب التقارير {"task_id":"5","count":0}
[04:24:33] [INFO] بدء معالجة طلب المهام الفرعية {"method":"GET","request_data":""}
[04:24:33] [INFO] بدء معالجة طلب التقارير {"method":"GET","request_data":""}
[04:24:33] [DEBUG] تم تنفيذ الاستعلام بنجاح {"sql":"\r\n                SELECT * FROM subtasks \r\n                WHERE task_id = :task_id \r\n                ORDER BY created_at ASC\r\n            ","params":{":task_id":"4"}}
[04:24:33] [DEBUG] تم تنفيذ الاستعلام بنجاح {"sql":"\r\n                SELECT * FROM reports \r\n                WHERE task_id = :task_id \r\n                ORDER BY created_at DESC\r\n            ","params":{":task_id":"4"}}
[04:24:33] [INFO] تم جلب المهام الفرعية {"task_id":"4","count":3}
[04:24:33] [INFO] تم جلب التقارير {"task_id":"4","count":1}
[04:24:33] [INFO] بدء معالجة طلب المهام الفرعية {"method":"GET","request_data":""}
[04:24:33] [DEBUG] تم تنفيذ الاستعلام بنجاح {"sql":"\r\n                SELECT * FROM subtasks \r\n                WHERE task_id = :task_id \r\n                ORDER BY created_at ASC\r\n            ","params":{":task_id":"3"}}
[04:24:33] [INFO] تم جلب المهام الفرعية {"task_id":"3","count":1}
[04:24:33] [INFO] بدء معالجة طلب التقارير {"method":"GET","request_data":""}
[04:24:33] [DEBUG] تم تنفيذ الاستعلام بنجاح {"sql":"\r\n                SELECT * FROM reports \r\n                WHERE task_id = :task_id \r\n                ORDER BY created_at DESC\r\n            ","params":{":task_id":"3"}}
[04:24:33] [INFO] تم جلب التقارير {"task_id":"3","count":0}
[04:24:33] [INFO] بدء معالجة طلب المهام الفرعية {"method":"GET","request_data":""}
[04:24:33] [INFO] بدء معالجة طلب التقارير {"method":"GET","request_data":""}
[04:24:33] [DEBUG] تم تنفيذ الاستعلام بنجاح {"sql":"\r\n                SELECT * FROM subtasks \r\n                WHERE task_id = :task_id \r\n                ORDER BY created_at ASC\r\n            ","params":{":task_id":"2"}}
[04:24:33] [INFO] بدء معالجة طلب التقارير {"method":"GET","request_data":""}
[04:24:33] [INFO] تم جلب المهام الفرعية {"task_id":"2","count":7}
[04:24:33] [DEBUG] تم تنفيذ الاستعلام بنجاح {"sql":"\r\n                SELECT * FROM subtasks \r\n                WHERE task_id = :task_id \r\n                ORDER BY created_at ASC\r\n            ","params":{":task_id":"1"}}
[04:24:33] [DEBUG] تم تنفيذ الاستعلام بنجاح {"sql":"\r\n                SELECT * FROM reports \r\n                WHERE task_id = :task_id \r\n                ORDER BY created_at DESC\r\n            ","params":{":task_id":"1"}}
[04:24:33] [INFO] تم جلب المهام الفرعية {"task_id":"1","count":3}
[04:24:33] [INFO] تم جلب التقارير {"task_id":"1","count":0}
[04:24:41] [INFO] بدء معالجة طلب المهام الفرعية {"method":"PUT","request_data":"{\"id\":31,\"completed\":true}"}
[04:24:41] [DEBUG] تم تنفيذ الاستعلام بنجاح {"sql":"\r\n                    UPDATE subtasks \r\n                    SET completed = :completed\r\n                    WHERE id = :id\r\n                ","params":{":id":31,":completed":1}}
[04:24:41] [INFO] تم تحديث حالة المهمة الفرعية {"id":31,"completed":true}
[04:24:41] [DEBUG] تم تنفيذ الاستعلام بنجاح {"sql":"SELECT * FROM tasks ORDER BY created_at DESC","params":[]}
[04:24:41] [DEBUG] تم تنفيذ الاستعلام بنجاح {"sql":"\r\n                    SELECT COUNT(*) as total,\r\n                           SUM(CASE WHEN completed = 1 THEN 1 ELSE 0 END) as completed\r\n                    FROM subtasks\r\n                    WHERE task_id = :task_id\r\n                ","params":{":task_id":10}}
[04:24:41] [DEBUG] تم تنفيذ الاستعلام بنجاح {"sql":"\r\n                    SELECT COUNT(*) as total,\r\n                           SUM(CASE WHEN completed = 1 THEN 1 ELSE 0 END) as completed\r\n                    FROM subtasks\r\n                    WHERE task_id = :task_id\r\n                ","params":{":task_id":8}}
[04:24:41] [DEBUG] تم تنفيذ الاستعلام بنجاح {"sql":"\r\n                    SELECT COUNT(*) as total,\r\n                           SUM(CASE WHEN completed = 1 THEN 1 ELSE 0 END) as completed\r\n                    FROM subtasks\r\n                    WHERE task_id = :task_id\r\n                ","params":{":task_id":7}}
[04:24:41] [DEBUG] تم تنفيذ الاستعلام بنجاح {"sql":"\r\n                    SELECT COUNT(*) as total,\r\n                           SUM(CASE WHEN completed = 1 THEN 1 ELSE 0 END) as completed\r\n                    FROM subtasks\r\n                    WHERE task_id = :task_id\r\n                ","params":{":task_id":6}}
[04:24:41] [DEBUG] تم تنفيذ الاستعلام بنجاح {"sql":"\r\n                    SELECT COUNT(*) as total,\r\n                           SUM(CASE WHEN completed = 1 THEN 1 ELSE 0 END) as completed\r\n                    FROM subtasks\r\n                    WHERE task_id = :task_id\r\n                ","params":{":task_id":5}}
[04:24:41] [DEBUG] تم تنفيذ الاستعلام بنجاح {"sql":"\r\n                    SELECT COUNT(*) as total,\r\n                           SUM(CASE WHEN completed = 1 THEN 1 ELSE 0 END) as completed\r\n                    FROM subtasks\r\n                    WHERE task_id = :task_id\r\n                ","params":{":task_id":4}}
[04:24:41] [DEBUG] تم تنفيذ الاستعلام بنجاح {"sql":"\r\n                    SELECT COUNT(*) as total,\r\n                           SUM(CASE WHEN completed = 1 THEN 1 ELSE 0 END) as completed\r\n                    FROM subtasks\r\n                    WHERE task_id = :task_id\r\n                ","params":{":task_id":3}}
[04:24:41] [DEBUG] تم تنفيذ الاستعلام بنجاح {"sql":"\r\n                    SELECT COUNT(*) as total,\r\n                           SUM(CASE WHEN completed = 1 THEN 1 ELSE 0 END) as completed\r\n                    FROM subtasks\r\n                    WHERE task_id = :task_id\r\n                ","params":{":task_id":2}}
[04:24:41] [DEBUG] تم تنفيذ الاستعلام بنجاح {"sql":"\r\n                    SELECT COUNT(*) as total,\r\n                           SUM(CASE WHEN completed = 1 THEN 1 ELSE 0 END) as completed\r\n                    FROM subtasks\r\n                    WHERE task_id = :task_id\r\n                ","params":{":task_id":1}}
[04:24:41] [INFO] بدء معالجة طلب المهام الفرعية {"method":"GET","request_data":""}
[04:24:41] [DEBUG] تم تنفيذ الاستعلام بنجاح {"sql":"\r\n                SELECT * FROM subtasks \r\n                WHERE task_id = :task_id \r\n                ORDER BY created_at ASC\r\n            ","params":{":task_id":"10"}}
[04:24:41] [INFO] تم جلب المهام الفرعية {"task_id":"10","count":3}
[04:24:41] [INFO] بدء معالجة طلب التقارير {"method":"GET","request_data":""}
[04:24:41] [DEBUG] تم تنفيذ الاستعلام بنجاح {"sql":"\r\n                SELECT * FROM reports \r\n                WHERE task_id = :task_id \r\n                ORDER BY created_at DESC\r\n            ","params":{":task_id":"10"}}
[04:24:41] [INFO] تم جلب التقارير {"task_id":"10","count":0}
[04:24:41] [INFO] بدء معالجة طلب المهام الفرعية {"method":"GET","request_data":""}
[04:24:41] [DEBUG] تم تنفيذ الاستعلام بنجاح {"sql":"\r\n                SELECT * FROM subtasks \r\n                WHERE task_id = :task_id \r\n                ORDER BY created_at ASC\r\n            ","params":{":task_id":"8"}}
[04:24:41] [INFO] تم جلب المهام الفرعية {"task_id":"8","count":0}
[04:24:41] [INFO] بدء معالجة طلب التقارير {"method":"GET","request_data":""}
[04:24:41] [DEBUG] تم تنفيذ الاستعلام بنجاح {"sql":"\r\n                SELECT * FROM reports \r\n                WHERE task_id = :task_id \r\n                ORDER BY created_at DESC\r\n            ","params":{":task_id":"8"}}
[04:24:41] [INFO] تم جلب التقارير {"task_id":"8","count":1}
[04:24:41] [INFO] بدء معالجة طلب المهام الفرعية {"method":"GET","request_data":""}
[04:24:41] [INFO] بدء معالجة طلب التقارير {"method":"GET","request_data":""}
[04:24:41] [DEBUG] تم تنفيذ الاستعلام بنجاح {"sql":"\r\n                SELECT * FROM subtasks \r\n                WHERE task_id = :task_id \r\n                ORDER BY created_at ASC\r\n            ","params":{":task_id":"7"}}
[04:24:41] [INFO] تم جلب المهام الفرعية {"task_id":"7","count":3}
[04:24:41] [DEBUG] تم تنفيذ الاستعلام بنجاح {"sql":"\r\n                SELECT * FROM reports \r\n                WHERE task_id = :task_id \r\n                ORDER BY created_at DESC\r\n            ","params":{":task_id":"7"}}
[04:24:41] [INFO] تم جلب التقارير {"task_id":"7","count":1}
[04:24:41] [INFO] بدء معالجة طلب المهام الفرعية {"method":"GET","request_data":""}
[04:24:41] [DEBUG] تم تنفيذ الاستعلام بنجاح {"sql":"\r\n                SELECT * FROM subtasks \r\n                WHERE task_id = :task_id \r\n                ORDER BY created_at ASC\r\n            ","params":{":task_id":"6"}}
[04:24:41] [INFO] بدء معالجة طلب التقارير {"method":"GET","request_data":""}
[04:24:41] [INFO] تم جلب المهام الفرعية {"task_id":"6","count":0}
[04:24:41] [INFO] بدء معالجة طلب المهام الفرعية {"method":"GET","request_data":""}
[04:24:41] [DEBUG] تم تنفيذ الاستعلام بنجاح {"sql":"\r\n                SELECT * FROM reports \r\n                WHERE task_id = :task_id \r\n                ORDER BY created_at DESC\r\n            ","params":{":task_id":"6"}}
[04:24:41] [INFO] بدء معالجة طلب التقارير {"method":"GET","request_data":""}
[04:24:41] [DEBUG] تم تنفيذ الاستعلام بنجاح {"sql":"\r\n                SELECT * FROM subtasks \r\n                WHERE task_id = :task_id \r\n                ORDER BY created_at ASC\r\n            ","params":{":task_id":"5"}}
[04:24:41] [INFO] تم جلب التقارير {"task_id":"6","count":0}
[04:24:41] [INFO] تم جلب المهام الفرعية {"task_id":"5","count":3}
[04:24:41] [DEBUG] تم تنفيذ الاستعلام بنجاح {"sql":"\r\n                SELECT * FROM reports \r\n                WHERE task_id = :task_id \r\n                ORDER BY created_at DESC\r\n            ","params":{":task_id":"5"}}
[04:24:41] [INFO] تم جلب التقارير {"task_id":"5","count":0}
[04:24:41] [INFO] بدء معالجة طلب المهام الفرعية {"method":"GET","request_data":""}
[04:24:41] [INFO] بدء معالجة طلب التقارير {"method":"GET","request_data":""}
[04:24:41] [DEBUG] تم تنفيذ الاستعلام بنجاح {"sql":"\r\n                SELECT * FROM subtasks \r\n                WHERE task_id = :task_id \r\n                ORDER BY created_at ASC\r\n            ","params":{":task_id":"4"}}
[04:24:41] [DEBUG] تم تنفيذ الاستعلام بنجاح {"sql":"\r\n                SELECT * FROM reports \r\n                WHERE task_id = :task_id \r\n                ORDER BY created_at DESC\r\n            ","params":{":task_id":"4"}}
[04:24:41] [INFO] تم جلب المهام الفرعية {"task_id":"4","count":3}
[04:24:41] [INFO] تم جلب التقارير {"task_id":"4","count":1}
[04:24:41] [INFO] بدء معالجة طلب المهام الفرعية {"method":"GET","request_data":""}
[04:24:41] [DEBUG] تم تنفيذ الاستعلام بنجاح {"sql":"\r\n                SELECT * FROM subtasks \r\n                WHERE task_id = :task_id \r\n                ORDER BY created_at ASC\r\n            ","params":{":task_id":"3"}}
[04:24:41] [INFO] تم جلب المهام الفرعية {"task_id":"3","count":1}
[04:24:41] [INFO] بدء معالجة طلب التقارير {"method":"GET","request_data":""}
[04:24:41] [INFO] بدء معالجة طلب المهام الفرعية {"method":"GET","request_data":""}
[04:24:41] [DEBUG] تم تنفيذ الاستعلام بنجاح {"sql":"\r\n                SELECT * FROM reports \r\n                WHERE task_id = :task_id \r\n                ORDER BY created_at DESC\r\n            ","params":{":task_id":"3"}}
[04:24:41] [DEBUG] تم تنفيذ الاستعلام بنجاح {"sql":"\r\n                SELECT * FROM subtasks \r\n                WHERE task_id = :task_id \r\n                ORDER BY created_at ASC\r\n            ","params":{":task_id":"2"}}
[04:24:41] [INFO] تم جلب التقارير {"task_id":"3","count":0}
[04:24:41] [INFO] تم جلب المهام الفرعية {"task_id":"2","count":7}
[04:24:41] [INFO] بدء معالجة طلب التقارير {"method":"GET","request_data":""}
[04:24:41] [DEBUG] تم تنفيذ الاستعلام بنجاح {"sql":"\r\n                SELECT * FROM reports \r\n                WHERE task_id = :task_id \r\n                ORDER BY created_at DESC\r\n            ","params":{":task_id":"2"}}
[04:24:41] [INFO] تم جلب التقارير {"task_id":"2","count":5}
[04:24:41] [INFO] بدء معالجة طلب المهام الفرعية {"method":"GET","request_data":""}
[04:24:41] [INFO] بدء معالجة طلب التقارير {"method":"GET","request_data":""}
[04:24:41] [DEBUG] تم تنفيذ الاستعلام بنجاح {"sql":"\r\n                SELECT * FROM subtasks \r\n                WHERE task_id = :task_id \r\n                ORDER BY created_at ASC\r\n            ","params":{":task_id":"1"}}
[04:24:41] [DEBUG] تم تنفيذ الاستعلام بنجاح {"sql":"\r\n                SELECT * FROM reports \r\n                WHERE task_id = :task_id \r\n                ORDER BY created_at DESC\r\n            ","params":{":task_id":"1"}}
[04:24:41] [INFO] تم جلب المهام الفرعية {"task_id":"1","count":3}
[04:24:41] [INFO] تم جلب التقارير {"task_id":"1","count":0}
